<?xml version="1.0" encoding="UTF-8"?>
<testng-results ignored="0" total="6" passed="5" failed="1" skipped="0">
  <reporter-output>
  </reporter-output>
  <suite started-at="2022-03-22T17:41:28 IST" name="Default suite" finished-at="2022-03-22T17:43:37 IST" duration-ms="129033">
    <groups>
      <group name="cucumber">
        <method signature="AbstractTestNGCucumberTests.runScenario(io.cucumber.testng.PickleWrapper,io.cucumber.testng.FeatureWrapper)[pri:0, instance:runner.TestRunner@316bcf94]" name="runScenario" class="io.cucumber.testng.AbstractTestNGCucumberTests"/>
      </group> <!-- cucumber -->
    </groups>
    <test started-at="2022-03-22T17:41:28 IST" name="Default test" finished-at="2022-03-22T17:43:37 IST" duration-ms="129033">
      <class name="runner.TestRunner">
        <test-method is-config="true" signature="setUpClass()[pri:0, instance:runner.TestRunner@316bcf94]" started-at="2022-03-22T17:41:28 IST" name="setUpClass" finished-at="2022-03-22T17:41:29 IST" duration-ms="785" status="PASS">
          <reporter-output>
          </reporter-output>
        </test-method> <!-- setUpClass -->
        <test-method signature="runScenario(io.cucumber.testng.PickleWrapper,io.cucumber.testng.FeatureWrapper)[pri:0, instance:runner.TestRunner@316bcf94]" started-at="2022-03-22T17:41:29 IST" name="runScenario" description="Runs Cucumber Scenarios" data-provider="scenarios" finished-at="2022-03-22T17:41:56 IST" duration-ms="26953" status="PASS">
          <params>
            <param index="0">
              <value>
                <![CDATA["Reverse testing of animation screen"]]>
              </value>
            </param>
            <param index="1">
              <value>
                <![CDATA["Optional[Animation testing of Api Demo apk]"]]>
              </value>
            </param>
          </params>
          <reporter-output>
          </reporter-output>
        </test-method> <!-- runScenario -->
        <test-method signature="runScenario(io.cucumber.testng.PickleWrapper,io.cucumber.testng.FeatureWrapper)[pri:0, instance:runner.TestRunner@316bcf94]" started-at="2022-03-22T17:41:56 IST" name="runScenario" description="Runs Cucumber Scenarios" data-provider="scenarios" finished-at="2022-03-22T17:42:15 IST" duration-ms="18581" status="PASS">
          <params>
            <param index="0">
              <value>
                <![CDATA["Loading testing of Animation screen"]]>
              </value>
            </param>
            <param index="1">
              <value>
                <![CDATA["Optional[Animation testing of Api Demo apk]"]]>
              </value>
            </param>
          </params>
          <reporter-output>
          </reporter-output>
        </test-method> <!-- runScenario -->
        <test-method signature="runScenario(io.cucumber.testng.PickleWrapper,io.cucumber.testng.FeatureWrapper)[pri:0, instance:runner.TestRunner@316bcf94]" started-at="2022-03-22T17:42:15 IST" name="runScenario" description="Runs Cucumber Scenarios" data-provider="scenarios" finished-at="2022-03-22T17:42:34 IST" duration-ms="19011" status="PASS">
          <params>
            <param index="0">
              <value>
                <![CDATA["Cloning testing of Animation screen"]]>
              </value>
            </param>
            <param index="1">
              <value>
                <![CDATA["Optional[Animation testing of Api Demo apk]"]]>
              </value>
            </param>
          </params>
          <reporter-output>
          </reporter-output>
        </test-method> <!-- runScenario -->
        <test-method signature="runScenario(io.cucumber.testng.PickleWrapper,io.cucumber.testng.FeatureWrapper)[pri:0, instance:runner.TestRunner@316bcf94]" started-at="2022-03-22T17:42:34 IST" name="runScenario" description="Runs Cucumber Scenarios" data-provider="scenarios" finished-at="2022-03-22T17:42:52 IST" duration-ms="17714" status="PASS">
          <params>
            <param index="0">
              <value>
                <![CDATA["Custom evaluator testing of animation screen"]]>
              </value>
            </param>
            <param index="1">
              <value>
                <![CDATA["Optional[Animation testing of Api Demo apk]"]]>
              </value>
            </param>
          </params>
          <reporter-output>
          </reporter-output>
        </test-method> <!-- runScenario -->
        <test-method signature="runScenario(io.cucumber.testng.PickleWrapper,io.cucumber.testng.FeatureWrapper)[pri:0, instance:runner.TestRunner@316bcf94]" started-at="2022-03-22T17:42:52 IST" name="runScenario" description="Runs Cucumber Scenarios" data-provider="scenarios" finished-at="2022-03-22T17:43:14 IST" duration-ms="22639" status="FAIL">
          <params>
            <param index="0">
              <value>
                <![CDATA["Arcs text link test of Api demos apk"]]>
              </value>
            </param>
            <param index="1">
              <value>
                <![CDATA["Optional[Graphics testing of api demo apk]"]]>
              </value>
            </param>
          </params>
          <exception class="java.lang.AssertionError">
            <message>
              <![CDATA[expected [true] but found [false]]]>
            </message>
            <full-stacktrace>
              <![CDATA[java.lang.AssertionError: expected [true] but found [false]
at org.testng.Assert.fail(Assert.java:99)
at org.testng.Assert.failNotEquals(Assert.java:1037)
at org.testng.Assert.assertTrue(Assert.java:45)
at org.testng.Assert.assertTrue(Assert.java:55)
at stepsdefinitions.GraphicsTest.open_arc_screen(GraphicsTest.java:71)
at ✽.open arc screen(file:///C:/Users/rajibmahato/git/AppiumTest/AppiumExitTest/./src/test/java/features/Graphics.feature:8)
]]>
            </full-stacktrace>
          </exception> <!-- java.lang.AssertionError -->
          <reporter-output>
          </reporter-output>
        </test-method> <!-- runScenario -->
        <test-method signature="runScenario(io.cucumber.testng.PickleWrapper,io.cucumber.testng.FeatureWrapper)[pri:0, instance:runner.TestRunner@316bcf94]" started-at="2022-03-22T17:43:14 IST" name="runScenario" description="Runs Cucumber Scenarios" data-provider="scenarios" finished-at="2022-03-22T17:43:37 IST" duration-ms="22790" status="PASS">
          <params>
            <param index="0">
              <value>
                <![CDATA["layer text link test of graphics section in api demo apk"]]>
              </value>
            </param>
            <param index="1">
              <value>
                <![CDATA["Optional[Graphics testing of api demo apk]"]]>
              </value>
            </param>
          </params>
          <reporter-output>
          </reporter-output>
        </test-method> <!-- runScenario -->
        <test-method is-config="true" signature="tearDownClass()[pri:0, instance:runner.TestRunner@316bcf94]" started-at="2022-03-22T17:43:37 IST" name="tearDownClass" finished-at="2022-03-22T17:43:37 IST" duration-ms="496" status="PASS">
          <reporter-output>
          </reporter-output>
        </test-method> <!-- tearDownClass -->
      </class> <!-- runner.TestRunner -->
    </test> <!-- Default test -->
  </suite> <!-- Default suite -->
</testng-results>
